Engine-Match 3 Mart 2023 Cuma 21:44:56
 Blitz 5/0 

Pairing 1/1 :    AnMon 5.75  -  Ultra

PGN-File: C:\Users\omers\Downloads\arena_3.5.1\Arena.pgn

No:  B/W 1/2     W:B       1:2           Time        Value Moves Dep 1:2       1-2-Draws
   1 B 2    1,0:0,0        0,0:1,0       21:45:45     0.00     1 0:0 0-1-0
   1 * *     0,0:0,0        0,0:0,0       21:51:26    +0.12     1 8,000 :0 0-0-0
   1 * *     0,0:0,0        0,0:0,0       11:14:35    +4.45    28 7,200 :7,909  0-0-0
   1 B 2    1,0:0,0        0,0:1,0       11:42:25     0.00    62 6,733 :8,316  0-1-0
   1 * *     0,0:0,0        0,0:0,0       22:32:02     0.00    20 6,706 :7,810  0-0-0
   1 = =    0,5:0,5        0,5:0,5       00:16:34   +16.76    38 7,133 :7,750  0-0-1

--------------------------------------------------------------

Engine-Match 5 Mart 2023 Pazar 01:20:32
 2 Seconds 

Pairing 1/1 :    Ultra  -  AnMon 5.75

PGN-File: C:\Users\omers\Downloads\arena_3.5.1\Arena.pgn

No:  B/W 1/2     W:B       1:2           Time        Value Moves Dep 1:2       1-2-Draws

--------------------------------------------------------------

Engine-Match 5 Mart 2023 Pazar 14:19:47
 2 Seconds 

Pairing 1/1 :    SOS 5.1 for Arena  -  Ultra

PGN-File: C:\Users\omers\Downloads\arena_3.5.1\Arena.pgn

No:  B/W 1/2     W:B       1:2           Time        Value Moves Dep 1:2       1-2-Draws
   1 * *     0,0:0,0        0,0:0,0       14:22:14    +3.99    22 11,273 :7,667  0-0-0
   1 B 2    1,0:0,0        0,0:1,0       18:27:02     0.00    57 6,400 :7,600  0-1-0

--------------------------------------------------------------

Engine-Match 5 Mart 2023 Pazar 19:22:47
 2 Seconds 

Pairing 1/1 :    Tscp181  -  Ultra

PGN-File: C:\Users\omers\Downloads\arena_3.5.1\Arena.pgn

No:  B/W 1/2     W:B       1:2           Time        Value Moves Dep 1:2       1-2-Draws
   1 * *     0,0:0,0        0,0:0,0       19:25:52    +0.23    41 6,317 :8,025  0-0-0

--------------------------------------------------------------

Engine-Match 6 Mart 2023 Pazartesi 01:38:36
 2 Seconds 

Pairing 1/1 :    Ultra  -  Nero_61

PGN-File: C:\Users\omers\Downloads\arena_3.5.1\Arena.pgn

No:  B/W 1/2     W:B       1:2           Time        Value Moves Dep 1:2       1-2-Draws
   1 B 2    1,0:0,0        0,0:1,0       01:55:18     0.00    45 6,526 :10,105  0-1-0
   1 W 1    1,0:0,0        1,0:0,0       02:06:01      +M1    33 10,190 :8,400  1-0-0

--------------------------------------------------------------

Engine-Match 6 Mart 2023 Pazartesi 18:34:37
 2 Seconds 

Pairing 1/1 :    Ultra  -  Nero_61

PGN-File: C:\Users\omers\Downloads\arena_3.5.1\Arena.pgn

No:  B/W 1/2     W:B       1:2           Time        Value Moves Dep 1:2       1-2-Draws
   1 * *     0,0:0,0        0,0:0,0       00:27:30     0.00     0 0:0 0-0-0
   1 W 1    1,0:0,0        1,0:0,0       16:25:13      +M1    44 11,649 :11,444  1-0-0

--------------------------------------------------------------

Engine-Match 8 Mart 2023 Çarţamba 16:19:16
 2 Seconds 

Pairing 1/1 :    Ultra  -  Tscp181

PGN-File: C:\Users\omers\Downloads\arena_3.5.1\Arena.pgn

No:  B/W 1/2     W:B       1:2           Time        Value Moves Dep 1:2       1-2-Draws

--------------------------------------------------------------

Engine-Match 8 Mart 2023 Çarţamba 17:11:44
 2 Seconds 

Pairing 1/1 :    Ultra  -  Tscp181

PGN-File: C:\Users\omers\Downloads\arena_3.5.1\Arena.pgn

No:  B/W 1/2     W:B       1:2           Time        Value Moves Dep 1:2       1-2-Draws

--------------------------------------------------------------

Engine-Match 8 Mart 2023 Çarţamba 17:30:24
 2 Seconds 

Pairing 1/1 :    Ultra  -  Vice11_win32

PGN-File: C:\Users\omers\Downloads\arena_3.5.1\Arena.pgn

No:  B/W 1/2     W:B       1:2           Time        Value Moves Dep 1:2       1-2-Draws
   1 * *     0,0:0,0        0,0:0,0       19:32:57     0.00    50 9,393 :11,815  0-0-0
   1 B 2    1,0:0,0        0,0:1,0       19:44:30     0.00    59 9,093 :11,721  0-1-0
   1 B 2    1,0:0,0        0,0:1,0       00:42:39     0.00    39 8,711 :11,865  0-1-0
   1 W 1    1,0:0,0        1,0:0,0       04:16:33     0.00    88 10,643 :13,769  1-0-0
   1 * *     0,0:0,0        0,0:0,0       05:05:38     0.00     0 0:0 0-0-0
   1 * *     0,0:0,0        0,0:0,0       05:06:48     0.00     0 0:0 0-0-0
   1 * *     0,0:0,0        0,0:0,0       05:07:32     0.00     0 0:0 0-0-0
   1 B 2    1,0:0,0        0,0:1,0       19:00:17     0.00    55 6,139 :11,371  0-1-0
